INFO: [VRFC 10-2263] Analyzing SystemVerilog file "D:/tracer_integration/deps/common_cells/src/cf_math_pkg.sv" into library xil_defaultlib
INFO: [VRFC 10-2263] Analyzing SystemVerilog file "D:/tracer_integration/deps/common_cells/src/edge_detect.sv" into library xil_defaultlib
INFO: [VRFC 10-311] analyzing module edge_detect
INFO: [VRFC 10-2263] Analyzing SystemVerilog file "D:/tracer_integration/ip/third_party/rv_tracer/rtl/lzc.sv" into library xil_defaultlib
INFO: [VRFC 10-311] analyzing module lzc
INFO: [VRFC 10-2263] Analyzing SystemVerilog file "D:/tracer_integration/deps/tech_cells_generic/src/deprecated/pulp_clk_cells.sv" into library xil_defaultlib
INFO: [VRFC 10-311] analyzing module pulp_clock_and2
INFO: [VRFC 10-311] analyzing module pulp_clock_buffer
INFO: [VRFC 10-311] analyzing module pulp_clock_gating
INFO: [VRFC 10-311] analyzing module pulp_clock_inverter
INFO: [VRFC 10-311] analyzing module pulp_clock_mux2
INFO: [VRFC 10-311] analyzing module pulp_clock_xor2
INFO: [VRFC 10-311] analyzing module pulp_clock_delay
INFO: [VRFC 10-2263] Analyzing SystemVerilog file "D:/tracer_integration/ip/third_party/rv_tracer/include/te_pkg.sv" into library xil_defaultlib
INFO: [VRFC 10-2263] Analyzing SystemVerilog file "D:/tracer_integration/ip/third_party/rv_tracer/rtl/rv_tracer.sv" into library xil_defaultlib
INFO: [VRFC 10-311] analyzing module rv_tracer
INFO: [VRFC 10-2263] Analyzing SystemVerilog file "D:/tracer_integration/deps/common_cells/src/sync.sv" into library xil_defaultlib
INFO: [VRFC 10-311] analyzing module sync
INFO: [VRFC 10-2263] Analyzing SystemVerilog file "D:/tracer_integration/deps/common_cells/src/sync_wedge.sv" into library xil_defaultlib
INFO: [VRFC 10-311] analyzing module sync_wedge
INFO: [VRFC 10-2263] Analyzing SystemVerilog file "D:/tracer_integration/deps/tech_cells_generic/src/rtl/tc_clk.sv" into library xil_defaultlib
INFO: [VRFC 10-311] analyzing module tc_clk_and2
INFO: [VRFC 10-311] analyzing module tc_clk_buffer
INFO: [VRFC 10-311] analyzing module tc_clk_gating
INFO: [VRFC 10-311] analyzing module tc_clk_inverter
INFO: [VRFC 10-311] analyzing module tc_clk_mux2
INFO: [VRFC 10-311] analyzing module tc_clk_xor2
INFO: [VRFC 10-311] analyzing module tc_clk_or2
INFO: [VRFC 10-311] analyzing module tc_clk_delay
INFO: [VRFC 10-2263] Analyzing SystemVerilog file "D:/tracer_integration/ip/third_party/rv_tracer/rtl/te_branch_map.sv" into library xil_defaultlib
INFO: [VRFC 10-311] analyzing module te_branch_map
INFO: [VRFC 10-2263] Analyzing SystemVerilog file "D:/tracer_integration/ip/third_party/rv_tracer/rtl/te_filter.sv" into library xil_defaultlib
INFO: [VRFC 10-311] analyzing module te_filter
INFO: [VRFC 10-2263] Analyzing SystemVerilog file "D:/tracer_integration/ip/third_party/rv_tracer/rtl/te_packet_emitter.sv" into library xil_defaultlib
INFO: [VRFC 10-311] analyzing module te_packet_emitter
INFO: [VRFC 10-2263] Analyzing SystemVerilog file "D:/tracer_integration/ip/third_party/rv_tracer/rtl/te_priority.sv" into library xil_defaultlib
INFO: [VRFC 10-311] analyzing module te_priority
INFO: [VRFC 10-2263] Analyzing SystemVerilog file "D:/tracer_integration/ip/third_party/rv_tracer/rtl/te_reg.sv" into library xil_defaultlib
INFO: [VRFC 10-311] analyzing module te_reg
INFO: [VRFC 10-2263] Analyzing SystemVerilog file "D:/tracer_integration/ip/third_party/rv_tracer/rtl/te_resync_counter.sv" into library xil_defaultlib
INFO: [VRFC 10-311] analyzing module te_resync_counter
INFO: [VRFC 10-2263] Analyzing SystemVerilog file "D:/tracer_integration/top_trace/tb/tb_rv_tracer_only.sv" into library xil_defaultlib
INFO: [VRFC 10-311] analyzing module tb_rv_tracer_only
WARNING: [VRFC 10-3824] variable 'it' must explicitly be declared as automatic or static [D:/tracer_integration/top_trace/tb/tb_rv_tracer_only.sv:293]
