Vivado Simulator 2019.1
Copyright 1986-1999, 2001-2019 Xilinx, Inc. All Rights Reserved.
Running: D:/vivado_setup/Vivado/2019.1/bin/unwrapped/win64.o/xelab.exe -wto 6d5e68542e034c0c9ebcfd53de54a00e --incr --debug typical --relax --mt 2 -L xil_defaultlib -L unisims_ver -L unimacro_ver -L secureip --snapshot tb_rv_tracer_only_behav xil_defaultlib.tb_rv_tracer_only xil_defaultlib.glbl -log elaborate.log 
Using 2 slave threads.
Starting static elaboration
Completed static elaboration
Starting simulation data flow analysis
WARNING: [XSIM 43-4100] "D:/tracer_integration/top_trace/tb/tb_rv_tracer_only.sv" Line 3. Module tb_rv_tracer_only has a timescale but at least one module in design doesn't have timescale.
WARNING: [XSIM 43-4100] "D:/tracer_integration/vivado_build_rv_tracer_only/rv_tracer_only.sim/sim_1/behav/xsim/glbl.v" Line 6. Module glbl has a timescale but at least one module in design doesn't have timescale.
Completed simulation data flow analysis
Time Resolution for simulation is 1ps
Compiling package xil_defaultlib.te_pkg
Compiling module xil_defaultlib.tc_clk_gating
Compiling module xil_defaultlib.pulp_clock_gating
Compiling module xil_defaultlib.sync(STAGES=32'b010)
Compiling module xil_defaultlib.sync_wedge
Compiling module xil_defaultlib.edge_detect
Compiling module xil_defaultlib.te_reg(APB_ADDR_WIDTH=32'b010000...
Compiling module xil_defaultlib.te_branch_map(N=32'b01)
Compiling module xil_defaultlib.te_resync_counter(N=32'b01,MODE=...
Compiling module xil_defaultlib.lzc(WIDTH=32'b0100000,MODE=1'b1)
Compiling module xil_defaultlib.te_priority
Compiling module xil_defaultlib.te_packet_emitter
Compiling module xil_defaultlib.rv_tracer(N=32'b01,ONLY_BRANCHES...
Compiling module xil_defaultlib.tb_rv_tracer_only
Compiling module xil_defaultlib.glbl
Built simulation snapshot tb_rv_tracer_only_behav
